app/build/intermediates/manifest_merge_blame_file/debug/manifest-merger-blame-debug-report.txt
1<?xml version="1.0" encoding="utf-8"?>
2<manifest xmlns:android="http://schemas.android.com/apk/res/android"
3    package="com.google.mlkit.vision.demo"
4    android:installLocation="auto"
5    android:versionCode="11"
6    android:versionName="1.11" >
7    <!--
8 CameraX libraries require minSdkVersion 21, while this quickstart app
9    supports low to 19. Needs to use overrideLibrary to make the merger tool
10    ignore this conflict and import the libraries while keeping the app's lower
11    minSdkVersion value. In code, will check SDK version, before calling CameraX
12    APIs.
13    -->
14    <uses-sdk
14-->src/main/AndroidManifest.xml:13:5-157
15        android:minSdkVersion="19"
15-->src/main/AndroidManifest.xml:13:5-157
16        android:targetSdkVersion="31" />
16-->src/main/AndroidManifest.xml:13:5-157
17
18    <uses-feature android:name="android.hardware.camera" />
18-->src/main/AndroidManifest.xml:15:5-60
18-->src/main/AndroidManifest.xml:15:19-57
19
20    <uses-permission android:name="android.permission.INTERNET" />
20-->src/main/AndroidManifest.xml:17:5-67
20-->src/main/AndroidManifest.xml:17:22-64
21    <uses-permission android:name="android.permission.WRITE_EXTERNAL_STORAGE" />
21-->src/main/AndroidManifest.xml:18:5-81
21-->src/main/AndroidManifest.xml:18:22-78
22    <uses-permission android:name="android.permission.READ_EXTERNAL_STORAGE" />
22-->src/main/AndroidManifest.xml:19:5-80
22-->src/main/AndroidManifest.xml:19:22-77
23    <uses-permission android:name="android.permission.CAMERA" />
23-->src/main/AndroidManifest.xml:20:5-65
23-->src/main/AndroidManifest.xml:20:22-62
24
25    <queries>
25-->src/main/AndroidManifest.xml:22:5-26:15
26        <intent>
26-->src/main/AndroidManifest.xml:23:9-25:18
27            <action android:name="android.media.action.IMAGE_CAPTURE" />
27-->src/main/AndroidManifest.xml:24:13-73
27-->src/main/AndroidManifest.xml:24:21-70
28        </intent>
29    </queries>
30
31    <!-- For remote config -->
32    <uses-permission android:name="android.permission.ACCESS_NETWORK_STATE" />
32-->[com.google.mlkit:object-detection:16.2.8] AndroidManifest.xml:7:5-79
32-->[com.google.mlkit:object-detection:16.2.8] AndroidManifest.xml:7:22-76
33
34    <application
34-->src/main/AndroidManifest.xml:28:5-99:19
35        android:name="androidx.multidex.MultiDexApplication"
35-->src/main/AndroidManifest.xml:29:9-61
36        android:appComponentFactory="androidx.core.app.CoreComponentFactory"
36-->[androidx.core:core:1.5.0] AndroidManifest.xml:24:18-86
37        android:debuggable="true"
38        android:icon="@drawable/logo_mlkit"
38-->src/main/AndroidManifest.xml:30:9-44
39        android:label="@string/app_name"
39-->src/main/AndroidManifest.xml:31:9-41
40        android:testOnly="true"
41        android:theme="@style/Theme.AppCompat" >
41-->src/main/AndroidManifest.xml:32:9-47
42        <activity
42-->src/main/AndroidManifest.xml:33:9-35:40
43            android:name="com.google.mlkit.vision.demo.kotlin.ImagePreviewActivity"
43-->src/main/AndroidManifest.xml:34:13-56
44            android:exported="false" />
44-->src/main/AndroidManifest.xml:35:13-37
45
46        <meta-data
46-->src/main/AndroidManifest.xml:37:9-39:69
47            android:name="com.google.android.gms.version"
47-->src/main/AndroidManifest.xml:38:13-58
48            android:value="@integer/google_play_services_version" />
48-->src/main/AndroidManifest.xml:39:13-66
49        <!--
50 Optional: Add it to automatically download ML model to device after
51          your app is installed.
52        -->
53        <meta-data
53-->src/main/AndroidManifest.xml:44:9-46:63
54            android:name="com.google.mlkit.vision.DEPENDENCIES"
54-->src/main/AndroidManifest.xml:45:13-64
55            android:value="barcode,face,ocr,ica,custom_ica" />
55-->src/main/AndroidManifest.xml:46:13-60
56
57        <activity
57-->src/main/AndroidManifest.xml:48:9-51:56
58            android:name="com.google.mlkit.vision.demo.EntryChoiceActivity"
58-->src/main/AndroidManifest.xml:49:13-48
59            android:exported="true"
59-->src/main/AndroidManifest.xml:50:13-36
60            android:theme="@style/AppTheme" />
60-->src/main/AndroidManifest.xml:51:13-44
61        <activity
61-->src/main/AndroidManifest.xml:52:9-54:48
62            android:name="com.google.mlkit.vision.demo.java.ChooserActivity"
62-->src/main/AndroidManifest.xml:53:13-49
63            android:exported="true" />
63-->src/main/AndroidManifest.xml:54:13-36
64        <activity
64-->src/main/AndroidManifest.xml:55:9-58:56
65            android:name="com.google.mlkit.vision.demo.java.LivePreviewActivity"
65-->src/main/AndroidManifest.xml:56:13-53
66            android:exported="true"
66-->src/main/AndroidManifest.xml:57:13-36
67            android:theme="@style/AppTheme" />
67-->src/main/AndroidManifest.xml:58:13-44
68        <activity
68-->src/main/AndroidManifest.xml:59:9-62:56
69            android:name="com.google.mlkit.vision.demo.java.CameraXLivePreviewActivity"
69-->src/main/AndroidManifest.xml:60:13-60
70            android:exported="true"
70-->src/main/AndroidManifest.xml:61:13-36
71            android:theme="@style/AppTheme" />
71-->src/main/AndroidManifest.xml:62:13-44
72        <activity
72-->src/main/AndroidManifest.xml:63:9-66:56
73            android:name="com.google.mlkit.vision.demo.java.CameraXSourceDemoActivity"
73-->src/main/AndroidManifest.xml:64:13-59
74            android:exported="true"
74-->src/main/AndroidManifest.xml:65:13-36
75            android:theme="@style/AppTheme" />
75-->src/main/AndroidManifest.xml:66:13-44
76        <activity
76-->src/main/AndroidManifest.xml:67:9-70:56
77            android:name="com.google.mlkit.vision.demo.java.StillImageActivity"
77-->src/main/AndroidManifest.xml:68:13-52
78            android:exported="true"
78-->src/main/AndroidManifest.xml:69:13-36
79            android:theme="@style/AppTheme" />
79-->src/main/AndroidManifest.xml:70:13-44
80        <activity
80-->src/main/AndroidManifest.xml:71:9-73:48
81            android:name="com.google.mlkit.vision.demo.kotlin.ChooserActivity"
81-->src/main/AndroidManifest.xml:72:13-51
82            android:exported="true" />
82-->src/main/AndroidManifest.xml:73:13-36
83        <activity
83-->src/main/AndroidManifest.xml:74:9-77:56
84            android:name="com.google.mlkit.vision.demo.kotlin.LivePreviewActivity"
84-->src/main/AndroidManifest.xml:75:13-55
85            android:exported="true"
85-->src/main/AndroidManifest.xml:76:13-36
86            android:theme="@style/AppTheme" />
86-->src/main/AndroidManifest.xml:77:13-44
87        <activity
87-->src/main/AndroidManifest.xml:78:9-87:20
88            android:name="com.google.mlkit.vision.demo.kotlin.CameraXLivePreviewActivity"
88-->src/main/AndroidManifest.xml:79:13-62
89            android:exported="true"
89-->src/main/AndroidManifest.xml:80:13-36
90            android:theme="@style/AppTheme" >
90-->src/main/AndroidManifest.xml:81:13-44
91            <intent-filter>
91-->src/main/AndroidManifest.xml:82:13-86:29
92                <action android:name="android.intent.action.MAIN" />
92-->src/main/AndroidManifest.xml:83:17-69
92-->src/main/AndroidManifest.xml:83:25-66
93
94                <category android:name="android.intent.category.LAUNCHER" />
94-->src/main/AndroidManifest.xml:85:17-77
94-->src/main/AndroidManifest.xml:85:27-74
95            </intent-filter>
96        </activity>
97        <activity
97-->src/main/AndroidManifest.xml:88:9-91:56
98            android:name="com.google.mlkit.vision.demo.kotlin.CameraXSourceDemoActivity"
98-->src/main/AndroidManifest.xml:89:13-61
99            android:exported="true"
99-->src/main/AndroidManifest.xml:90:13-36
100            android:theme="@style/AppTheme" />
100-->src/main/AndroidManifest.xml:91:13-44
101        <activity
101-->src/main/AndroidManifest.xml:92:9-95:56
102            android:name="com.google.mlkit.vision.demo.kotlin.StillImageActivity"
102-->src/main/AndroidManifest.xml:93:13-54
103            android:exported="true"
103-->src/main/AndroidManifest.xml:94:13-36
104            android:theme="@style/AppTheme" />
104-->src/main/AndroidManifest.xml:95:13-44
105        <activity
105-->src/main/AndroidManifest.xml:96:9-98:40
106            android:name="com.google.mlkit.vision.demo.preference.SettingsActivity"
106-->src/main/AndroidManifest.xml:97:13-56
107            android:exported="false" />
107-->src/main/AndroidManifest.xml:98:13-37
108
109        <service
109-->[com.google.mlkit:object-detection:16.2.8] AndroidManifest.xml:11:9-17:19
110            android:name="com.google.mlkit.common.internal.MlKitComponentDiscoveryService"
110-->[com.google.mlkit:object-detection:16.2.8] AndroidManifest.xml:12:13-91
111            android:directBootAware="true"
111-->[com.google.mlkit:common:17.5.0] AndroidManifest.xml:17:13-43
112            android:exported="false" >
112-->[com.google.mlkit:object-detection:16.2.8] AndroidManifest.xml:13:13-37
113            <meta-data
113-->[com.google.mlkit:object-detection:16.2.8] AndroidManifest.xml:14:13-16:85
114                android:name="com.google.firebase.components:com.google.mlkit.vision.objects.defaults.internal.DefaultObjectsRegistrar"
114-->[com.google.mlkit:object-detection:16.2.8] AndroidManifest.xml:15:17-136
115                android:value="com.google.firebase.components.ComponentRegistrar" />
115-->[com.google.mlkit:object-detection:16.2.8] AndroidManifest.xml:16:17-82
116            <meta-data
116-->[com.google.mlkit:object-detection-custom:16.3.4] AndroidManifest.xml:11:13-13:85
117                android:name="com.google.firebase.components:com.google.mlkit.vision.objects.custom.internal.CustomObjectsRegistrar"
117-->[com.google.mlkit:object-detection-custom:16.3.4] AndroidManifest.xml:12:17-133
118                android:value="com.google.firebase.components.ComponentRegistrar" />
118-->[com.google.mlkit:object-detection-custom:16.3.4] AndroidManifest.xml:13:17-82
119            <meta-data
119-->[com.google.mlkit:image-labeling:17.0.6] AndroidManifest.xml:11:13-13:85
120                android:name="com.google.firebase.components:com.google.mlkit.vision.label.defaults.internal.BundledLabelRegistrar"
120-->[com.google.mlkit:image-labeling:17.0.6] AndroidManifest.xml:12:17-132
121                android:value="com.google.firebase.components.ComponentRegistrar" />
121-->[com.google.mlkit:image-labeling:17.0.6] AndroidManifest.xml:13:17-82
122            <meta-data
122-->[com.google.mlkit:image-labeling-custom:17.0.0] AndroidManifest.xml:11:13-13:85
123                android:name="com.google.firebase.components:com.google.mlkit.vision.label.custom.internal.CustomLabelRegistrar"
123-->[com.google.mlkit:image-labeling-custom:17.0.0] AndroidManifest.xml:12:17-129
124                android:value="com.google.firebase.components.ComponentRegistrar" />
124-->[com.google.mlkit:image-labeling-custom:17.0.0] AndroidManifest.xml:13:17-82
125            <meta-data
125-->[com.google.mlkit:segmentation-selfie:16.0.0-beta3] AndroidManifest.xml:12:13-14:85
126                android:name="com.google.firebase.components:com.google.mlkit.vision.segmentation.internal.SegmentationRegistrar"
126-->[com.google.mlkit:segmentation-selfie:16.0.0-beta3] AndroidManifest.xml:13:17-130
127                android:value="com.google.firebase.components.ComponentRegistrar" />
127-->[com.google.mlkit:segmentation-selfie:16.0.0-beta3] AndroidManifest.xml:14:17-82
128            <meta-data
128-->[com.google.android.gms:play-services-mlkit-barcode-scanning:17.0.0] AndroidManifest.xml:12:13-14:85
129                android:name="com.google.firebase.components:com.google.mlkit.vision.barcode.internal.BarcodeRegistrar"
129-->[com.google.android.gms:play-services-mlkit-barcode-scanning:17.0.0] AndroidManifest.xml:13:17-120
130                android:value="com.google.firebase.components.ComponentRegistrar" />
130-->[com.google.android.gms:play-services-mlkit-barcode-scanning:17.0.0] AndroidManifest.xml:14:17-82
131            <meta-data
131-->[com.google.mlkit:vision-internal-vkp:18.2.1] AndroidManifest.xml:14:13-16:85
132                android:name="com.google.firebase.components:com.google.mlkit.vision.vkp.VkpRegistrar"
132-->[com.google.mlkit:vision-internal-vkp:18.2.1] AndroidManifest.xml:15:17-103
133                android:value="com.google.firebase.components.ComponentRegistrar" />
133-->[com.google.mlkit:vision-internal-vkp:18.2.1] AndroidManifest.xml:16:17-82
134            <meta-data
134-->[com.google.android.gms:play-services-mlkit-face-detection:16.2.1] AndroidManifest.xml:12:13-14:85
135                android:name="com.google.firebase.components:com.google.mlkit.vision.face.internal.FaceRegistrar"
135-->[com.google.android.gms:play-services-mlkit-face-detection:16.2.1] AndroidManifest.xml:13:17-114
136                android:value="com.google.firebase.components.ComponentRegistrar" />
136-->[com.google.android.gms:play-services-mlkit-face-detection:16.2.1] AndroidManifest.xml:14:17-82
137            <meta-data
137-->[com.google.android.gms:play-services-mlkit-text-recognition-common:16.1.0] AndroidManifest.xml:12:13-14:85
138                android:name="com.google.firebase.components:com.google.mlkit.vision.text.internal.TextRegistrar"
138-->[com.google.android.gms:play-services-mlkit-text-recognition-common:16.1.0] AndroidManifest.xml:13:17-114
139                android:value="com.google.firebase.components.ComponentRegistrar" />
139-->[com.google.android.gms:play-services-mlkit-text-recognition-common:16.1.0] AndroidManifest.xml:14:17-82
140            <meta-data
140-->[com.google.mlkit:pose-detection-common:17.1.0-beta6] AndroidManifest.xml:14:13-16:85
141                android:name="com.google.firebase.components:com.google.mlkit.vision.pose.internal.PoseRegistrar"
141-->[com.google.mlkit:pose-detection-common:17.1.0-beta6] AndroidManifest.xml:15:17-114
142                android:value="com.google.firebase.components.ComponentRegistrar" />
142-->[com.google.mlkit:pose-detection-common:17.1.0-beta6] AndroidManifest.xml:16:17-82
143            <meta-data
143-->[com.google.mlkit:vision-common:16.7.0] AndroidManifest.xml:12:13-14:85
144                android:name="com.google.firebase.components:com.google.mlkit.vision.common.internal.VisionCommonRegistrar"
144-->[com.google.mlkit:vision-common:16.7.0] AndroidManifest.xml:13:17-124
145                android:value="com.google.firebase.components.ComponentRegistrar" />
145-->[com.google.mlkit:vision-common:16.7.0] AndroidManifest.xml:14:17-82
146            <meta-data
146-->[com.google.mlkit:common:17.5.0] AndroidManifest.xml:20:13-22:85
147                android:name="com.google.firebase.components:com.google.mlkit.common.internal.CommonComponentRegistrar"
147-->[com.google.mlkit:common:17.5.0] AndroidManifest.xml:21:17-120
148                android:value="com.google.firebase.components.ComponentRegistrar" />
148-->[com.google.mlkit:common:17.5.0] AndroidManifest.xml:22:17-82
149        </service>
150
151        <provider
151-->[com.google.mlkit:common:17.5.0] AndroidManifest.xml:9:9-13:38
152            android:name="com.google.mlkit.common.internal.MlKitInitProvider"
152-->[com.google.mlkit:common:17.5.0] AndroidManifest.xml:10:13-78
153            android:authorities="com.google.mlkit.vision.demo.mlkitinitprovider"
153-->[com.google.mlkit:common:17.5.0] AndroidManifest.xml:11:13-69
154            android:exported="false"
154-->[com.google.mlkit:common:17.5.0] AndroidManifest.xml:12:13-37
155            android:initOrder="99" />
155-->[com.google.mlkit:common:17.5.0] AndroidManifest.xml:13:13-35
156
157        <activity
157-->[com.google.android.gms:play-services-base:17.6.0] AndroidManifest.xml:23:9-26:75
158            android:name="com.google.android.gms.common.api.GoogleApiActivity"
158-->[com.google.android.gms:play-services-base:17.6.0] AndroidManifest.xml:24:13-79
159            android:exported="false"
159-->[com.google.android.gms:play-services-base:17.6.0] AndroidManifest.xml:25:13-37
160            android:theme="@android:style/Theme.Translucent.NoTitleBar" />
160-->[com.google.android.gms:play-services-base:17.6.0] AndroidManifest.xml:26:13-72
161
162        <service
162-->[com.google.android.datatransport:transport-backend-cct:2.3.3] AndroidManifest.xml:29:9-35:19
163            android:name="com.google.android.datatransport.runtime.backends.TransportBackendDiscovery"
163-->[com.google.android.datatransport:transport-backend-cct:2.3.3] AndroidManifest.xml:30:13-103
164            android:exported="false" >
164-->[com.google.android.datatransport:transport-backend-cct:2.3.3] AndroidManifest.xml:31:13-37
165            <meta-data
165-->[com.google.android.datatransport:transport-backend-cct:2.3.3] AndroidManifest.xml:32:13-34:39
166                android:name="backend:com.google.android.datatransport.cct.CctBackendFactory"
166-->[com.google.android.datatransport:transport-backend-cct:2.3.3] AndroidManifest.xml:33:17-94
167                android:value="cct" />
167-->[com.google.android.datatransport:transport-backend-cct:2.3.3] AndroidManifest.xml:34:17-36
168        </service>
169        <service
169-->[com.google.android.datatransport:transport-runtime:2.2.6] AndroidManifest.xml:26:9-30:19
170            android:name="com.google.android.datatransport.runtime.scheduling.jobscheduling.JobInfoSchedulerService"
170-->[com.google.android.datatransport:transport-runtime:2.2.6] AndroidManifest.xml:27:13-117
171            android:exported="false"
171-->[com.google.android.datatransport:transport-runtime:2.2.6] AndroidManifest.xml:28:13-37
172            android:permission="android.permission.BIND_JOB_SERVICE" >
172-->[com.google.android.datatransport:transport-runtime:2.2.6] AndroidManifest.xml:29:13-69
173        </service>
174
175        <receiver
175-->[com.google.android.datatransport:transport-runtime:2.2.6] AndroidManifest.xml:32:9-34:40
176            android:name="com.google.android.datatransport.runtime.scheduling.jobscheduling.AlarmManagerSchedulerBroadcastReceiver"
176-->[com.google.android.datatransport:transport-runtime:2.2.6] AndroidManifest.xml:33:13-132
177            android:exported="false" />
177-->[com.google.android.datatransport:transport-runtime:2.2.6] AndroidManifest.xml:34:13-37
178
179        <provider
179-->[androidx.lifecycle:lifecycle-process:2.1.0] AndroidManifest.xml:23:9-27:43
180            android:name="androidx.lifecycle.ProcessLifecycleOwnerInitializer"
180-->[androidx.lifecycle:lifecycle-process:2.1.0] AndroidManifest.xml:24:13-79
181            android:authorities="com.google.mlkit.vision.demo.lifecycle-process"
181-->[androidx.lifecycle:lifecycle-process:2.1.0] AndroidManifest.xml:25:13-69
182            android:exported="false"
182-->[androidx.lifecycle:lifecycle-process:2.1.0] AndroidManifest.xml:26:13-37
183            android:multiprocess="true" />
183-->[androidx.lifecycle:lifecycle-process:2.1.0] AndroidManifest.xml:27:13-40
184    </application>
185
186</manifest>